This file contains any messages produced by compilers while
running configure, to aid debugging if configure makes a mistake.

It was created by SLUDGE configure 2.2.2, which was
generated by GNU Autoconf 2.71.  Invocation command line was

  $ ./configure --disable-engine --enable-devkit

## --------- ##
## Platform. ##
## --------- ##

hostname = DESKTOP-GSG303J
uname -m = x86_64
uname -r = 5.15.133.1-microsoft-standard-WSL2
uname -s = Linux
uname -v = #1 SMP Thu Oct 5 21:02:42 UTC 2023

/usr/bin/uname -p = x86_64
/bin/uname -X     = unknown

/bin/arch              = x86_64
/usr/bin/arch -k       = unknown
/usr/convex/getsysinfo = unknown
/usr/bin/hostinfo      = unknown
/bin/machine           = unknown
/usr/bin/oslevel       = unknown
/bin/universe          = unknown

PATH: /usr/local/sbin/
PATH: /usr/local/bin/
PATH: /usr/sbin/
PATH: /usr/bin/
PATH: /sbin/
PATH: /bin/
PATH: /usr/games/
PATH: /usr/local/games/
PATH: /usr/lib/wsl/lib/
PATH: /mnt/c/Program Files/ImageMagick-7.1.1-Q16/
PATH: /mnt/c/Program Files (x86)/Common Files/Oracle/Java/javapath/
PATH: /mnt/c/Program Files (x86)/VMware/VMware Workstation/bin/
PATH: /mnt/c/WINDOWS/system32/
PATH: /mnt/c/WINDOWS/
PATH: /mnt/c/WINDOWS/System32/Wbem/
PATH: /mnt/c/WINDOWS/System32/WindowsPowerShell/v1.0/
PATH: /mnt/c/WINDOWS/System32/OpenSSH/
PATH: /mnt/c/Program Files/Git/cmd/
PATH: /mnt/c/Program Files/TortoiseGit/bin/
PATH: /mnt/c/Program Files/Calibre2/
PATH: /mnt/c/Program Files/dotnet/
PATH: /mnt/c/Program Files (x86)/dotnet/
PATH: /mnt/c/Program Files/GitHub CLI/
PATH: /mnt/c/Users/uersu/AppData/Local/Microsoft/WindowsApps/
PATH: /mnt/c/Users/uersu/AppData/Local/Programs/Microsoft VS Code/bin/
PATH: /mnt/c/Users/uersu/.dotnet/tools/
PATH: /mnt/c/msys64/ucrt64/bin/
PATH: /mnt/c/msys64/usr/bin/
PATH: /snap/bin/


## ----------- ##
## Core tests. ##
## ----------- ##

configure:2876: looking for aux files: config.guess config.sub compile missing install-sh
configure:2889:  trying ./
configure:2918:   ./config.guess found
configure:2918:   ./config.sub found
configure:2918:   ./compile found
configure:2918:   ./missing found
configure:2900:   ./install-sh found
configure:3048: checking for a BSD-compatible install
configure:3121: result: /usr/bin/install -c
configure:3132: checking whether build environment is sane
configure:3187: result: yes
configure:3346: checking for a race-free mkdir -p
configure:3390: result: /usr/bin/mkdir -p
configure:3397: checking for gawk
configure:3418: found /usr/bin/gawk
configure:3429: result: gawk
configure:3440: checking whether make sets $(MAKE)
configure:3463: result: yes
configure:3493: checking whether make supports nested variables
configure:3511: result: yes
configure:3662: checking whether make supports nested variables
configure:3680: result: yes
configure:3762: checking for g++
configure:3783: found /usr/bin/g++
configure:3794: result: g++
configure:3821: checking for C++ compiler version
configure:3830: g++ --version >&5
g++ (Ubuntu 11.4.0-1ubuntu1~22.04) 11.4.0
Copyright (C) 2021 Free Software Foundation, Inc.
This is free software; see the source for copying conditions.  There is NO
warranty; not even for MERCHANTABILITY or FITNESS FOR A PARTICULAR PURPOSE.

configure:3841: $? = 0
configure:3830: g++ -v >&5
Using built-in specs.
COLLECT_GCC=g++
COLLECT_LTO_WRAPPER=/usr/lib/gcc/x86_64-linux-gnu/11/lto-wrapper
OFFLOAD_TARGET_NAMES=nvptx-none:amdgcn-amdhsa
OFFLOAD_TARGET_DEFAULT=1
Target: x86_64-linux-gnu
Configured with: ../src/configure -v --with-pkgversion='Ubuntu 11.4.0-1ubuntu1~22.04' --with-bugurl=file:///usr/share/doc/gcc-11/README.Bugs --enable-languages=c,ada,c++,go,brig,d,fortran,objc,obj-c++,m2 --prefix=/usr --with-gcc-major-version-only --program-suffix=-11 --program-prefix=x86_64-linux-gnu- --enable-shared --enable-linker-build-id --libexecdir=/usr/lib --without-included-gettext --enable-threads=posix --libdir=/usr/lib --enable-nls --enable-bootstrap --enable-clocale=gnu --enable-libstdcxx-debug --enable-libstdcxx-time=yes --with-default-libstdcxx-abi=new --enable-gnu-unique-object --disable-vtable-verify --enable-plugin --enable-default-pie --with-system-zlib --enable-libphobos-checking=release --with-target-system-zlib=auto --enable-objc-gc=auto --enable-multiarch --disable-werror --enable-cet --with-arch-32=i686 --with-abi=m64 --with-multilib-list=m32,m64,mx32 --enable-multilib --with-tune=generic --enable-offload-targets=nvptx-none=/build/gcc-11-XeT9lY/gcc-11-11.4.0/debian/tmp-nvptx/usr,amdgcn-amdhsa=/build/gcc-11-XeT9lY/gcc-11-11.4.0/debian/tmp-gcn/usr --without-cuda-driver --enable-checking=release --build=x86_64-linux-gnu --host=x86_64-linux-gnu --target=x86_64-linux-gnu --with-build-config=bootstrap-lto-lean --enable-link-serialization=2
Thread model: posix
Supported LTO compression algorithms: zlib zstd
gcc version 11.4.0 (Ubuntu 11.4.0-1ubuntu1~22.04) 
... rest of stderr output deleted ...
configure:3841: $? = 0
configure:3830: g++ -V >&5
g++: error: unrecognized command-line option '-V'
g++: fatal error: no input files
compilation terminated.
configure:3841: $? = 1
configure:3830: g++ -qversion >&5
g++: error: unrecognized command-line option '-qversion'; did you mean '--version'?
g++: fatal error: no input files
compilation terminated.
configure:3841: $? = 1
configure:3861: checking whether the C++ compiler works
configure:3883: g++    conftest.cpp  >&5
configure:3887: $? = 0
configure:3937: result: yes
configure:3940: checking for C++ compiler default output file name
configure:3942: result: a.out
configure:3948: checking for suffix of executables
configure:3955: g++ -o conftest    conftest.cpp  >&5
configure:3959: $? = 0
configure:3982: result: 
configure:4004: checking whether we are cross compiling
configure:4012: g++ -o conftest    conftest.cpp  >&5
configure:4016: $? = 0
configure:4023: ./conftest
configure:4027: $? = 0
configure:4042: result: no
configure:4047: checking for suffix of object files
configure:4070: g++ -c   conftest.cpp >&5
configure:4074: $? = 0
configure:4096: result: o
configure:4100: checking whether the compiler supports GNU C++
configure:4120: g++ -c   conftest.cpp >&5
configure:4120: $? = 0
configure:4130: result: yes
configure:4141: checking whether g++ accepts -g
configure:4162: g++ -c -g  conftest.cpp >&5
configure:4162: $? = 0
configure:4206: result: yes
configure:4226: checking for g++ option to enable C++11 features
configure:4241: g++  -c -g -O2  conftest.cpp >&5
conftest.cpp: In function 'int main(int, char**)':
conftest.cpp:177:25: warning: empty parentheses were disambiguated as a function declaration [-Wvexing-parse]
  177 |   cxx11test::delegate d2();
      |                         ^~
conftest.cpp:177:25: note: remove parentheses to default-initialize a variable
  177 |   cxx11test::delegate d2();
      |                         ^~
      |                         --
conftest.cpp:177:25: note: or replace parentheses with braces to value-initialize a variable
configure:4241: $? = 0
configure:4259: result: none needed
configure:4326: checking whether make supports the include directive
configure:4341: make -f confmf.GNU && cat confinc.out
this is the am__doit target
configure:4344: $? = 0
configure:4363: result: yes (GNU style)
configure:4389: checking dependency style of g++
configure:4501: result: gcc3
configure:4578: checking for gcc
configure:4599: found /usr/bin/gcc
configure:4610: result: gcc
configure:4963: checking for C compiler version
configure:4972: gcc --version >&5
gcc (Ubuntu 11.4.0-1ubuntu1~22.04) 11.4.0
Copyright (C) 2021 Free Software Foundation, Inc.
This is free software; see the source for copying conditions.  There is NO
warranty; not even for MERCHANTABILITY or FITNESS FOR A PARTICULAR PURPOSE.

configure:4983: $? = 0
configure:4972: gcc -v >&5
Using built-in specs.
COLLECT_GCC=gcc
COLLECT_LTO_WRAPPER=/usr/lib/gcc/x86_64-linux-gnu/11/lto-wrapper
OFFLOAD_TARGET_NAMES=nvptx-none:amdgcn-amdhsa
OFFLOAD_TARGET_DEFAULT=1
Target: x86_64-linux-gnu
Configured with: ../src/configure -v --with-pkgversion='Ubuntu 11.4.0-1ubuntu1~22.04' --with-bugurl=file:///usr/share/doc/gcc-11/README.Bugs --enable-languages=c,ada,c++,go,brig,d,fortran,objc,obj-c++,m2 --prefix=/usr --with-gcc-major-version-only --program-suffix=-11 --program-prefix=x86_64-linux-gnu- --enable-shared --enable-linker-build-id --libexecdir=/usr/lib --without-included-gettext --enable-threads=posix --libdir=/usr/lib --enable-nls --enable-bootstrap --enable-clocale=gnu --enable-libstdcxx-debug --enable-libstdcxx-time=yes --with-default-libstdcxx-abi=new --enable-gnu-unique-object --disable-vtable-verify --enable-plugin --enable-default-pie --with-system-zlib --enable-libphobos-checking=release --with-target-system-zlib=auto --enable-objc-gc=auto --enable-multiarch --disable-werror --enable-cet --with-arch-32=i686 --with-abi=m64 --with-multilib-list=m32,m64,mx32 --enable-multilib --with-tune=generic --enable-offload-targets=nvptx-none=/build/gcc-11-XeT9lY/gcc-11-11.4.0/debian/tmp-nvptx/usr,amdgcn-amdhsa=/build/gcc-11-XeT9lY/gcc-11-11.4.0/debian/tmp-gcn/usr --without-cuda-driver --enable-checking=release --build=x86_64-linux-gnu --host=x86_64-linux-gnu --target=x86_64-linux-gnu --with-build-config=bootstrap-lto-lean --enable-link-serialization=2
Thread model: posix
Supported LTO compression algorithms: zlib zstd
gcc version 11.4.0 (Ubuntu 11.4.0-1ubuntu1~22.04) 
... rest of stderr output deleted ...
configure:4983: $? = 0
configure:4972: gcc -V >&5
gcc: error: unrecognized command-line option '-V'
gcc: fatal error: no input files
compilation terminated.
configure:4983: $? = 1
configure:4972: gcc -qversion >&5
gcc: error: unrecognized command-line option '-qversion'; did you mean '--version'?
gcc: fatal error: no input files
compilation terminated.
configure:4983: $? = 1
configure:4972: gcc -version >&5
gcc: error: unrecognized command-line option '-version'
gcc: fatal error: no input files
compilation terminated.
configure:4983: $? = 1
configure:4987: checking whether the compiler supports GNU C
configure:5007: gcc -c   conftest.c >&5
configure:5007: $? = 0
configure:5017: result: yes
configure:5028: checking whether gcc accepts -g
configure:5049: gcc -c -g  conftest.c >&5
configure:5049: $? = 0
configure:5093: result: yes
configure:5113: checking for gcc option to enable C11 features
configure:5128: gcc  -c -g -O2  conftest.c >&5
configure:5128: $? = 0
configure:5146: result: none needed
configure:5262: checking whether gcc understands -c and -o together
configure:5285: gcc -c conftest.c -o conftest2.o
configure:5288: $? = 0
configure:5285: gcc -c conftest.c -o conftest2.o
configure:5288: $? = 0
configure:5300: result: yes
configure:5319: checking dependency style of gcc
configure:5431: result: gcc3
configure:5506: checking for pkg-config
configure:5529: found /usr/bin/pkg-config
configure:5541: result: /usr/bin/pkg-config
configure:5566: checking pkg-config is at least version 0.9.0
configure:5569: result: yes
configure:5678: checking for glew
configure:5685: $PKG_CONFIG --exists --print-errors "glew"
configure:5688: $? = 0
configure:5702: $PKG_CONFIG --exists --print-errors "glew"
configure:5705: $? = 0
configure:5763: result: yes
configure:6223: checking for gtk+-2.0 gthread-2.0 gobject-2.0 gtkglext-1.0 gmodule-2.0
configure:6230: $PKG_CONFIG --exists --print-errors "gtk+-2.0 gthread-2.0 gobject-2.0 gtkglext-1.0 gmodule-2.0"
configure:6233: $? = 0
configure:6247: $PKG_CONFIG --exists --print-errors "gtk+-2.0 gthread-2.0 gobject-2.0 gtkglext-1.0 gmodule-2.0"
configure:6250: $? = 0
configure:6308: result: yes
configure:6314: checking for glib-2.0
configure:6321: $PKG_CONFIG --exists --print-errors "glib-2.0"
configure:6324: $? = 0
configure:6338: $PKG_CONFIG --exists --print-errors "glib-2.0"
configure:6341: $? = 0
configure:6399: result: yes
configure:6407: checking for libpng
configure:6414: $PKG_CONFIG --exists --print-errors "libpng"
configure:6417: $? = 0
configure:6431: $PKG_CONFIG --exists --print-errors "libpng"
configure:6434: $? = 0
configure:6492: result: yes
configure:6502: checking for stdio.h
configure:6502: gcc -c -g -O2  conftest.c >&5
configure:6502: $? = 0
configure:6502: result: yes
configure:6502: checking for stdlib.h
configure:6502: gcc -c -g -O2  conftest.c >&5
configure:6502: $? = 0
configure:6502: result: yes
configure:6502: checking for string.h
configure:6502: gcc -c -g -O2  conftest.c >&5
configure:6502: $? = 0
configure:6502: result: yes
configure:6502: checking for inttypes.h
configure:6502: gcc -c -g -O2  conftest.c >&5
configure:6502: $? = 0
configure:6502: result: yes
configure:6502: checking for stdint.h
configure:6502: gcc -c -g -O2  conftest.c >&5
configure:6502: $? = 0
configure:6502: result: yes
configure:6502: checking for strings.h
configure:6502: gcc -c -g -O2  conftest.c >&5
configure:6502: $? = 0
configure:6502: result: yes
configure:6502: checking for sys/stat.h
configure:6502: gcc -c -g -O2  conftest.c >&5
configure:6502: $? = 0
configure:6502: result: yes
configure:6502: checking for sys/types.h
configure:6502: gcc -c -g -O2  conftest.c >&5
configure:6502: $? = 0
configure:6502: result: yes
configure:6502: checking for unistd.h
configure:6502: gcc -c -g -O2  conftest.c >&5
configure:6502: $? = 0
configure:6502: result: yes
configure:6530: checking for limits.h
configure:6530: gcc -c -g -O2  conftest.c >&5
configure:6530: $? = 0
configure:6530: result: yes
configure:6530: checking for malloc.h
configure:6530: gcc -c -g -O2  conftest.c >&5
configure:6530: $? = 0
configure:6530: result: yes
configure:6530: checking for stddef.h
configure:6530: gcc -c -g -O2  conftest.c >&5
configure:6530: $? = 0
configure:6530: result: yes
configure:6530: checking for stdint.h
configure:6530: result: yes
configure:6530: checking for stdlib.h
configure:6530: result: yes
configure:6530: checking for string.h
configure:6530: result: yes
configure:6530: checking for sys/time.h
configure:6530: gcc -c -g -O2  conftest.c >&5
configure:6530: $? = 0
configure:6530: result: yes
configure:6530: checking for unistd.h
configure:6530: result: yes
configure:6544: checking for getopt.h
configure:6544: gcc -c -g -O2  conftest.c >&5
configure:6544: $? = 0
configure:6544: result: yes
configure:6688: checking for _Bool
configure:6688: gcc -c -g -O2  conftest.c >&5
configure:6688: $? = 0
configure:6688: gcc -c -g -O2  conftest.c >&5
conftest.c: In function 'main':
conftest.c:61:20: error: expected expression before ')' token
   61 | if (sizeof ((_Bool)))
      |                    ^
configure:6688: $? = 1
configure: failed program was:
| /* confdefs.h */
| #define PACKAGE_NAME "SLUDGE"
| #define PACKAGE_TARNAME "sludge"
| #define PACKAGE_VERSION "2.2.2"
| #define PACKAGE_STRING "SLUDGE 2.2.2"
| #define PACKAGE_BUGREPORT "tobias.han@gmx.de"
| #define PACKAGE_URL "http://opensludge.github.io/"
| #define PACKAGE "sludge"
| #define VERSION "2.2.2"
| #define HAVE_STDIO_H 1
| #define HAVE_STDLIB_H 1
| #define HAVE_STRING_H 1
| #define HAVE_INTTYPES_H 1
| #define HAVE_STDINT_H 1
| #define HAVE_STRINGS_H 1
| #define HAVE_SYS_STAT_H 1
| #define HAVE_SYS_TYPES_H 1
| #define HAVE_UNISTD_H 1
| #define STDC_HEADERS 1
| #define HAVE_LIMITS_H 1
| #define HAVE_MALLOC_H 1
| #define HAVE_STDDEF_H 1
| #define HAVE_STDINT_H 1
| #define HAVE_STDLIB_H 1
| #define HAVE_STRING_H 1
| #define HAVE_SYS_TIME_H 1
| #define HAVE_UNISTD_H 1
| #define HAVE_GETOPT_H 1
| /* end confdefs.h.  */
| #include <stddef.h>
| #ifdef HAVE_STDIO_H
| # include <stdio.h>
| #endif
| #ifdef HAVE_STDLIB_H
| # include <stdlib.h>
| #endif
| #ifdef HAVE_STRING_H
| # include <string.h>
| #endif
| #ifdef HAVE_INTTYPES_H
| # include <inttypes.h>
| #endif
| #ifdef HAVE_STDINT_H
| # include <stdint.h>
| #endif
| #ifdef HAVE_STRINGS_H
| # include <strings.h>
| #endif
| #ifdef HAVE_SYS_TYPES_H
| # include <sys/types.h>
| #endif
| #ifdef HAVE_SYS_STAT_H
| # include <sys/stat.h>
| #endif
| #ifdef HAVE_UNISTD_H
| # include <unistd.h>
| #endif
| int
| main (void)
| {
| if (sizeof ((_Bool)))
| 	    return 0;
|   ;
|   return 0;
| }
configure:6688: result: yes
configure:6697: checking for stdbool.h that conforms to C99
configure:6813: gcc -c -g -O2  conftest.c >&5
configure:6813: $? = 0
configure:6821: result: yes
configure:6830: checking for inline
configure:6847: gcc -c -g -O2  conftest.c >&5
configure:6847: $? = 0
configure:6856: result: inline
configure:6874: checking for int32_t
configure:6874: gcc -c -g -O2  conftest.c >&5
configure:6874: $? = 0
configure:6874: gcc -c -g -O2  conftest.c >&5
conftest.c: In function 'main':
conftest.c:65:67: warning: integer overflow in expression of type 'int' results in '-2147483648' [-Woverflow]
   65 |                  < (int32_t) (((((int32_t) 1 << N) << N) - 1) * 2 + 2))];
      |                                                                   ^
conftest.c:64:12: error: storage size of 'test_array' isn't constant
   64 | static int test_array [1 - 2 * !((int32_t) (((((int32_t) 1 << N) << N) - 1) * 2 + 1)
      |            ^~~~~~~~~~
configure:6874: $? = 1
configure: failed program was:
| /* confdefs.h */
| #define PACKAGE_NAME "SLUDGE"
| #define PACKAGE_TARNAME "sludge"
| #define PACKAGE_VERSION "2.2.2"
| #define PACKAGE_STRING "SLUDGE 2.2.2"
| #define PACKAGE_BUGREPORT "tobias.han@gmx.de"
| #define PACKAGE_URL "http://opensludge.github.io/"
| #define PACKAGE "sludge"
| #define VERSION "2.2.2"
| #define HAVE_STDIO_H 1
| #define HAVE_STDLIB_H 1
| #define HAVE_STRING_H 1
| #define HAVE_INTTYPES_H 1
| #define HAVE_STDINT_H 1
| #define HAVE_STRINGS_H 1
| #define HAVE_SYS_STAT_H 1
| #define HAVE_SYS_TYPES_H 1
| #define HAVE_UNISTD_H 1
| #define STDC_HEADERS 1
| #define HAVE_LIMITS_H 1
| #define HAVE_MALLOC_H 1
| #define HAVE_STDDEF_H 1
| #define HAVE_STDINT_H 1
| #define HAVE_STDLIB_H 1
| #define HAVE_STRING_H 1
| #define HAVE_SYS_TIME_H 1
| #define HAVE_UNISTD_H 1
| #define HAVE_GETOPT_H 1
| #define HAVE__BOOL 1
| #define HAVE_STDBOOL_H 1
| /* end confdefs.h.  */
| #include <stddef.h>
| #ifdef HAVE_STDIO_H
| # include <stdio.h>
| #endif
| #ifdef HAVE_STDLIB_H
| # include <stdlib.h>
| #endif
| #ifdef HAVE_STRING_H
| # include <string.h>
| #endif
| #ifdef HAVE_INTTYPES_H
| # include <inttypes.h>
| #endif
| #ifdef HAVE_STDINT_H
| # include <stdint.h>
| #endif
| #ifdef HAVE_STRINGS_H
| # include <strings.h>
| #endif
| #ifdef HAVE_SYS_TYPES_H
| # include <sys/types.h>
| #endif
| #ifdef HAVE_SYS_STAT_H
| # include <sys/stat.h>
| #endif
| #ifdef HAVE_UNISTD_H
| # include <unistd.h>
| #endif
| 	        enum { N = 32 / 2 - 1 };
| int
| main (void)
| {
| static int test_array [1 - 2 * !((int32_t) (((((int32_t) 1 << N) << N) - 1) * 2 + 1)
| 		 < (int32_t) (((((int32_t) 1 << N) << N) - 1) * 2 + 2))];
| test_array [0] = 0;
| return test_array [0];
| 
|   ;
|   return 0;
| }
configure:6874: result: yes
configure:6883: checking for int64_t
configure:6883: gcc -c -g -O2  conftest.c >&5
configure:6883: $? = 0
configure:6883: gcc -c -g -O2  conftest.c >&5
conftest.c: In function 'main':
conftest.c:65:67: warning: integer overflow in expression of type 'long int' results in '-9223372036854775808' [-Woverflow]
   65 |                  < (int64_t) (((((int64_t) 1 << N) << N) - 1) * 2 + 2))];
      |                                                                   ^
conftest.c:64:12: error: storage size of 'test_array' isn't constant
   64 | static int test_array [1 - 2 * !((int64_t) (((((int64_t) 1 << N) << N) - 1) * 2 + 1)
      |            ^~~~~~~~~~
configure:6883: $? = 1
configure: failed program was:
| /* confdefs.h */
| #define PACKAGE_NAME "SLUDGE"
| #define PACKAGE_TARNAME "sludge"
| #define PACKAGE_VERSION "2.2.2"
| #define PACKAGE_STRING "SLUDGE 2.2.2"
| #define PACKAGE_BUGREPORT "tobias.han@gmx.de"
| #define PACKAGE_URL "http://opensludge.github.io/"
| #define PACKAGE "sludge"
| #define VERSION "2.2.2"
| #define HAVE_STDIO_H 1
| #define HAVE_STDLIB_H 1
| #define HAVE_STRING_H 1
| #define HAVE_INTTYPES_H 1
| #define HAVE_STDINT_H 1
| #define HAVE_STRINGS_H 1
| #define HAVE_SYS_STAT_H 1
| #define HAVE_SYS_TYPES_H 1
| #define HAVE_UNISTD_H 1
| #define STDC_HEADERS 1
| #define HAVE_LIMITS_H 1
| #define HAVE_MALLOC_H 1
| #define HAVE_STDDEF_H 1
| #define HAVE_STDINT_H 1
| #define HAVE_STDLIB_H 1
| #define HAVE_STRING_H 1
| #define HAVE_SYS_TIME_H 1
| #define HAVE_UNISTD_H 1
| #define HAVE_GETOPT_H 1
| #define HAVE__BOOL 1
| #define HAVE_STDBOOL_H 1
| /* end confdefs.h.  */
| #include <stddef.h>
| #ifdef HAVE_STDIO_H
| # include <stdio.h>
| #endif
| #ifdef HAVE_STDLIB_H
| # include <stdlib.h>
| #endif
| #ifdef HAVE_STRING_H
| # include <string.h>
| #endif
| #ifdef HAVE_INTTYPES_H
| # include <inttypes.h>
| #endif
| #ifdef HAVE_STDINT_H
| # include <stdint.h>
| #endif
| #ifdef HAVE_STRINGS_H
| # include <strings.h>
| #endif
| #ifdef HAVE_SYS_TYPES_H
| # include <sys/types.h>
| #endif
| #ifdef HAVE_SYS_STAT_H
| # include <sys/stat.h>
| #endif
| #ifdef HAVE_UNISTD_H
| # include <unistd.h>
| #endif
| 	        enum { N = 64 / 2 - 1 };
| int
| main (void)
| {
| static int test_array [1 - 2 * !((int64_t) (((((int64_t) 1 << N) << N) - 1) * 2 + 1)
| 		 < (int64_t) (((((int64_t) 1 << N) << N) - 1) * 2 + 2))];
| test_array [0] = 0;
| return test_array [0];
| 
|   ;
|   return 0;
| }
configure:6883: result: yes
configure:6892: checking for size_t
configure:6892: gcc -c -g -O2  conftest.c >&5
configure:6892: $? = 0
configure:6892: gcc -c -g -O2  conftest.c >&5
conftest.c: In function 'main':
conftest.c:63:21: error: expected expression before ')' token
   63 | if (sizeof ((size_t)))
      |                     ^
configure:6892: $? = 1
configure: failed program was:
| /* confdefs.h */
| #define PACKAGE_NAME "SLUDGE"
| #define PACKAGE_TARNAME "sludge"
| #define PACKAGE_VERSION "2.2.2"
| #define PACKAGE_STRING "SLUDGE 2.2.2"
| #define PACKAGE_BUGREPORT "tobias.han@gmx.de"
| #define PACKAGE_URL "http://opensludge.github.io/"
| #define PACKAGE "sludge"
| #define VERSION "2.2.2"
| #define HAVE_STDIO_H 1
| #define HAVE_STDLIB_H 1
| #define HAVE_STRING_H 1
| #define HAVE_INTTYPES_H 1
| #define HAVE_STDINT_H 1
| #define HAVE_STRINGS_H 1
| #define HAVE_SYS_STAT_H 1
| #define HAVE_SYS_TYPES_H 1
| #define HAVE_UNISTD_H 1
| #define STDC_HEADERS 1
| #define HAVE_LIMITS_H 1
| #define HAVE_MALLOC_H 1
| #define HAVE_STDDEF_H 1
| #define HAVE_STDINT_H 1
| #define HAVE_STDLIB_H 1
| #define HAVE_STRING_H 1
| #define HAVE_SYS_TIME_H 1
| #define HAVE_UNISTD_H 1
| #define HAVE_GETOPT_H 1
| #define HAVE__BOOL 1
| #define HAVE_STDBOOL_H 1
| /* end confdefs.h.  */
| #include <stddef.h>
| #ifdef HAVE_STDIO_H
| # include <stdio.h>
| #endif
| #ifdef HAVE_STDLIB_H
| # include <stdlib.h>
| #endif
| #ifdef HAVE_STRING_H
| # include <string.h>
| #endif
| #ifdef HAVE_INTTYPES_H
| # include <inttypes.h>
| #endif
| #ifdef HAVE_STDINT_H
| # include <stdint.h>
| #endif
| #ifdef HAVE_STRINGS_H
| # include <strings.h>
| #endif
| #ifdef HAVE_SYS_TYPES_H
| # include <sys/types.h>
| #endif
| #ifdef HAVE_SYS_STAT_H
| # include <sys/stat.h>
| #endif
| #ifdef HAVE_UNISTD_H
| # include <unistd.h>
| #endif
| int
| main (void)
| {
| if (sizeof ((size_t)))
| 	    return 0;
|   ;
|   return 0;
| }
configure:6892: result: yes
configure:6902: checking for uint32_t
configure:6902: gcc -c -g -O2  conftest.c >&5
configure:6902: $? = 0
configure:6902: result: yes
configure:6914: checking for ptrdiff_t
configure:6914: gcc -c -g -O2  conftest.c >&5
configure:6914: $? = 0
configure:6914: gcc -c -g -O2  conftest.c >&5
conftest.c: In function 'main':
conftest.c:63:24: error: expected expression before ')' token
   63 | if (sizeof ((ptrdiff_t)))
      |                        ^
configure:6914: $? = 1
configure: failed program was:
| /* confdefs.h */
| #define PACKAGE_NAME "SLUDGE"
| #define PACKAGE_TARNAME "sludge"
| #define PACKAGE_VERSION "2.2.2"
| #define PACKAGE_STRING "SLUDGE 2.2.2"
| #define PACKAGE_BUGREPORT "tobias.han@gmx.de"
| #define PACKAGE_URL "http://opensludge.github.io/"
| #define PACKAGE "sludge"
| #define VERSION "2.2.2"
| #define HAVE_STDIO_H 1
| #define HAVE_STDLIB_H 1
| #define HAVE_STRING_H 1
| #define HAVE_INTTYPES_H 1
| #define HAVE_STDINT_H 1
| #define HAVE_STRINGS_H 1
| #define HAVE_SYS_STAT_H 1
| #define HAVE_SYS_TYPES_H 1
| #define HAVE_UNISTD_H 1
| #define STDC_HEADERS 1
| #define HAVE_LIMITS_H 1
| #define HAVE_MALLOC_H 1
| #define HAVE_STDDEF_H 1
| #define HAVE_STDINT_H 1
| #define HAVE_STDLIB_H 1
| #define HAVE_STRING_H 1
| #define HAVE_SYS_TIME_H 1
| #define HAVE_UNISTD_H 1
| #define HAVE_GETOPT_H 1
| #define HAVE__BOOL 1
| #define HAVE_STDBOOL_H 1
| /* end confdefs.h.  */
| #include <stddef.h>
| #ifdef HAVE_STDIO_H
| # include <stdio.h>
| #endif
| #ifdef HAVE_STDLIB_H
| # include <stdlib.h>
| #endif
| #ifdef HAVE_STRING_H
| # include <string.h>
| #endif
| #ifdef HAVE_INTTYPES_H
| # include <inttypes.h>
| #endif
| #ifdef HAVE_STDINT_H
| # include <stdint.h>
| #endif
| #ifdef HAVE_STRINGS_H
| # include <strings.h>
| #endif
| #ifdef HAVE_SYS_TYPES_H
| # include <sys/types.h>
| #endif
| #ifdef HAVE_SYS_STAT_H
| # include <sys/stat.h>
| #endif
| #ifdef HAVE_UNISTD_H
| # include <unistd.h>
| #endif
| int
| main (void)
| {
| if (sizeof ((ptrdiff_t)))
| 	    return 0;
|   ;
|   return 0;
| }
configure:6914: result: yes
configure:6931: checking build system type
configure:6946: result: x86_64-pc-linux-gnu
configure:6966: checking host system type
configure:6980: result: x86_64-pc-linux-gnu
configure:7000: checking for GNU libc compatible malloc
configure:7032: gcc -o conftest -g -O2   conftest.c  >&5
configure:7032: $? = 0
configure:7032: ./conftest
configure:7032: $? = 0
configure:7043: result: yes
configure:7065: checking for GNU libc compatible realloc
configure:7097: gcc -o conftest -g -O2   conftest.c  >&5
configure:7097: $? = 0
configure:7097: ./conftest
configure:7097: $? = 0
configure:7108: result: yes
configure:7130: checking for atexit
configure:7130: gcc -o conftest -g -O2   conftest.c  >&5
configure:7130: $? = 0
configure:7130: result: yes
configure:7136: checking for getcwd
configure:7136: gcc -o conftest -g -O2   conftest.c  >&5
configure:7136: $? = 0
configure:7136: result: yes
configure:7142: checking for memset
configure:7142: gcc -o conftest -g -O2   conftest.c  >&5
conftest.c:53:6: warning: conflicting types for built-in function 'memset'; expected 'void *(void *, int,  long unsigned int)' [-Wbuiltin-declaration-mismatch]
   53 | char memset ();
      |      ^~~~~~
conftest.c:45:1: note: 'memset' is declared in header '<string.h>'
   44 | #include <limits.h>
   45 | #undef memset
configure:7142: $? = 0
configure:7142: result: yes
configure:7148: checking for mkdir
configure:7148: gcc -o conftest -g -O2   conftest.c  >&5
configure:7148: $? = 0
configure:7148: result: yes
configure:7154: checking for rmdir
configure:7154: gcc -o conftest -g -O2   conftest.c  >&5
configure:7154: $? = 0
configure:7154: result: yes
configure:7160: checking for sqrt
configure:7160: gcc -o conftest -g -O2   conftest.c  >&5
conftest.c:56:6: warning: conflicting types for built-in function 'sqrt'; expected 'double(double)' [-Wbuiltin-declaration-mismatch]
   56 | char sqrt ();
      |      ^~~~
conftest.c:48:1: note: 'sqrt' is declared in header '<math.h>'
   47 | #include <limits.h>
   48 | #undef sqrt
/usr/bin/ld: /tmp/ccKowaYZ.o: in function `main':
/home/uersu/opensludge/conftest.c:67: undefined reference to `sqrt'
collect2: error: ld returned 1 exit status
configure:7160: $? = 1
configure: failed program was:
| /* confdefs.h */
| #define PACKAGE_NAME "SLUDGE"
| #define PACKAGE_TARNAME "sludge"
| #define PACKAGE_VERSION "2.2.2"
| #define PACKAGE_STRING "SLUDGE 2.2.2"
| #define PACKAGE_BUGREPORT "tobias.han@gmx.de"
| #define PACKAGE_URL "http://opensludge.github.io/"
| #define PACKAGE "sludge"
| #define VERSION "2.2.2"
| #define HAVE_STDIO_H 1
| #define HAVE_STDLIB_H 1
| #define HAVE_STRING_H 1
| #define HAVE_INTTYPES_H 1
| #define HAVE_STDINT_H 1
| #define HAVE_STRINGS_H 1
| #define HAVE_SYS_STAT_H 1
| #define HAVE_SYS_TYPES_H 1
| #define HAVE_UNISTD_H 1
| #define STDC_HEADERS 1
| #define HAVE_LIMITS_H 1
| #define HAVE_MALLOC_H 1
| #define HAVE_STDDEF_H 1
| #define HAVE_STDINT_H 1
| #define HAVE_STDLIB_H 1
| #define HAVE_STRING_H 1
| #define HAVE_SYS_TIME_H 1
| #define HAVE_UNISTD_H 1
| #define HAVE_GETOPT_H 1
| #define HAVE__BOOL 1
| #define HAVE_STDBOOL_H 1
| #define HAVE_PTRDIFF_T 1
| #define HAVE_MALLOC 1
| #define HAVE_REALLOC 1
| #define HAVE_ATEXIT 1
| #define HAVE_GETCWD 1
| #define HAVE_MEMSET 1
| #define HAVE_MKDIR 1
| #define HAVE_RMDIR 1
| /* end confdefs.h.  */
| /* Define sqrt to an innocuous variant, in case <limits.h> declares sqrt.
|    For example, HP-UX 11i <limits.h> declares gettimeofday.  */
| #define sqrt innocuous_sqrt
| 
| /* System header to define __stub macros and hopefully few prototypes,
|    which can conflict with char sqrt (); below.  */
| 
| #include <limits.h>
| #undef sqrt
| 
| /* Override any GCC internal prototype to avoid an error.
|    Use char because int might match the return type of a GCC
|    builtin and then its argument prototype would still apply.  */
| #ifdef __cplusplus
| extern "C"
| #endif
| char sqrt ();
| /* The GNU C library defines this for functions which it implements
|     to always fail with ENOSYS.  Some functions are actually named
|     something starting with __ and the normal name is an alias.  */
| #if defined __stub_sqrt || defined __stub___sqrt
| choke me
| #endif
| 
| int
| main (void)
| {
| return sqrt ();
|   ;
|   return 0;
| }
configure:7160: result: no
configure:7166: checking for strstr
configure:7166: gcc -o conftest -g -O2   conftest.c  >&5
conftest.c:56:6: warning: conflicting types for built-in function 'strstr'; expected 'char *(const char *, const char *)' [-Wbuiltin-declaration-mismatch]
   56 | char strstr ();
      |      ^~~~~~
conftest.c:48:1: note: 'strstr' is declared in header '<string.h>'
   47 | #include <limits.h>
   48 | #undef strstr
configure:7166: $? = 0
configure:7166: result: yes
configure:7172: checking for strtol
configure:7172: gcc -o conftest -g -O2   conftest.c  >&5
configure:7172: $? = 0
configure:7172: result: yes
configure:7340: checking that generated files are newer than configure
configure:7346: result: done
configure:7405: creating ./config.status

## ---------------------- ##
## Running config.status. ##
## ---------------------- ##

This file was extended by SLUDGE config.status 2.2.2, which was
generated by GNU Autoconf 2.71.  Invocation command line was

  CONFIG_FILES    = 
  CONFIG_HEADERS  = 
  CONFIG_LINKS    = 
  CONFIG_COMMANDS = 
  $ ./config.status 

on DESKTOP-GSG303J

config.status:924: creating Makefile
config.status:924: creating source/Makefile
config.status:924: creating source/Engine/Makefile
config.status:924: creating GTK_Dev_Kit/Makefile
config.status:924: creating GTK_Dev_Kit/support/Makefile
config.status:924: creating doc/Makefile
config.status:924: creating config.h
config.status:1105: config.h is unchanged
config.status:1153: executing depfiles commands
config.status:1230: cd source/Engine       && sed -e '/# am--include-marker/d' Makefile         | make -f - am--depfiles
make: Nothing to be done for 'am--depfiles'.
config.status:1235: $? = 0
config.status:1230: cd GTK_Dev_Kit       && sed -e '/# am--include-marker/d' Makefile         | make -f - am--depfiles
make: Nothing to be done for 'am--depfiles'.
config.status:1235: $? = 0

## ---------------- ##
## Cache variables. ##
## ---------------- ##

ac_cv_build=x86_64-pc-linux-gnu
ac_cv_c_compiler_gnu=yes
ac_cv_c_inline=inline
ac_cv_c_int32_t=yes
ac_cv_c_int64_t=yes
ac_cv_c_uint32_t=yes
ac_cv_cxx_compiler_gnu=yes
ac_cv_env_CCC_set=
ac_cv_env_CCC_value=
ac_cv_env_CC_set=
ac_cv_env_CC_value=
ac_cv_env_CFLAGS_set=
ac_cv_env_CFLAGS_value=
ac_cv_env_CPPFLAGS_set=
ac_cv_env_CPPFLAGS_value=
ac_cv_env_CXXFLAGS_set=
ac_cv_env_CXXFLAGS_value=
ac_cv_env_CXX_set=
ac_cv_env_CXX_value=
ac_cv_env_ENGINE_CFLAGS_set=
ac_cv_env_ENGINE_CFLAGS_value=
ac_cv_env_ENGINE_LIBS_set=
ac_cv_env_ENGINE_LIBS_value=
ac_cv_env_GLEW_CFLAGS_set=
ac_cv_env_GLEW_CFLAGS_value=
ac_cv_env_GLEW_LIBS_set=
ac_cv_env_GLEW_LIBS_value=
ac_cv_env_GLIB_CFLAGS_set=
ac_cv_env_GLIB_CFLAGS_value=
ac_cv_env_GLIB_LIBS_set=
ac_cv_env_GLIB_LIBS_value=
ac_cv_env_GL_CFLAGS_set=
ac_cv_env_GL_CFLAGS_value=
ac_cv_env_GL_LIBS_set=
ac_cv_env_GL_LIBS_value=
ac_cv_env_GTK_CFLAGS_set=
ac_cv_env_GTK_CFLAGS_value=
ac_cv_env_GTK_LIBS_set=
ac_cv_env_GTK_LIBS_value=
ac_cv_env_LDFLAGS_set=
ac_cv_env_LDFLAGS_value=
ac_cv_env_LIBPNG_CFLAGS_set=
ac_cv_env_LIBPNG_CFLAGS_value=
ac_cv_env_LIBPNG_LIBS_set=
ac_cv_env_LIBPNG_LIBS_value=
ac_cv_env_LIBS_set=
ac_cv_env_LIBS_value=
ac_cv_env_PKG_CONFIG_LIBDIR_set=
ac_cv_env_PKG_CONFIG_LIBDIR_value=
ac_cv_env_PKG_CONFIG_PATH_set=
ac_cv_env_PKG_CONFIG_PATH_value=
ac_cv_env_PKG_CONFIG_set=
ac_cv_env_PKG_CONFIG_value=
ac_cv_env_build_alias_set=
ac_cv_env_build_alias_value=
ac_cv_env_host_alias_set=
ac_cv_env_host_alias_value=
ac_cv_env_target_alias_set=
ac_cv_env_target_alias_value=
ac_cv_func_atexit=yes
ac_cv_func_getcwd=yes
ac_cv_func_malloc_0_nonnull=yes
ac_cv_func_memset=yes
ac_cv_func_mkdir=yes
ac_cv_func_realloc_0_nonnull=yes
ac_cv_func_rmdir=yes
ac_cv_func_sqrt=no
ac_cv_func_strstr=yes
ac_cv_func_strtol=yes
ac_cv_header_getopt_h=yes
ac_cv_header_inttypes_h=yes
ac_cv_header_limits_h=yes
ac_cv_header_malloc_h=yes
ac_cv_header_stdbool_h=yes
ac_cv_header_stddef_h=yes
ac_cv_header_stdint_h=yes
ac_cv_header_stdio_h=yes
ac_cv_header_stdlib_h=yes
ac_cv_header_string_h=yes
ac_cv_header_strings_h=yes
ac_cv_header_sys_stat_h=yes
ac_cv_header_sys_time_h=yes
ac_cv_header_sys_types_h=yes
ac_cv_header_unistd_h=yes
ac_cv_host=x86_64-pc-linux-gnu
ac_cv_objext=o
ac_cv_path_ac_pt_PKG_CONFIG=/usr/bin/pkg-config
ac_cv_path_install='/usr/bin/install -c'
ac_cv_path_mkdir=/usr/bin/mkdir
ac_cv_prog_AWK=gawk
ac_cv_prog_ac_ct_CC=gcc
ac_cv_prog_ac_ct_CXX=g++
ac_cv_prog_cc_c11=
ac_cv_prog_cc_g=yes
ac_cv_prog_cc_stdc=
ac_cv_prog_cxx_11=no
ac_cv_prog_cxx_cxx11=
ac_cv_prog_cxx_g=yes
ac_cv_prog_cxx_stdcxx=
ac_cv_prog_make_make_set=yes
ac_cv_type__Bool=yes
ac_cv_type_ptrdiff_t=yes
ac_cv_type_size_t=yes
am_cv_CC_dependencies_compiler_type=gcc3
am_cv_CXX_dependencies_compiler_type=gcc3
am_cv_make_support_nested_variables=yes
am_cv_prog_cc_c_o=yes
pkg_cv_GLEW_CFLAGS=
pkg_cv_GLEW_LIBS='-L/usr/lib64 -lGLEW -lGL -lX11 -lGLU'
pkg_cv_GLIB_CFLAGS='-I/usr/include/glib-2.0 -I/usr/lib/x86_64-linux-gnu/glib-2.0/include'
pkg_cv_GLIB_LIBS=-lglib-2.0
pkg_cv_GTK_CFLAGS='-pthread -I/usr/include/gtkglext-1.0 -I/usr/lib/x86_64-linux-gnu/gtkglext-1.0/include -I/usr/include/gtk-2.0 -I/usr/lib/x86_64-linux-gnu/gtk-2.0/include -I/usr/include/gtk-2.0 -I/usr/lib/x86_64-linux-gnu/gtk-2.0/include -I/usr/include/pango-1.0 -I/usr/include/atk-1.0 -I/usr/include/gdk-pixbuf-2.0 -I/usr/include/x86_64-linux-gnu -I/usr/include/pango-1.0 -I/usr/include/harfbuzz -I/usr/include/pango-1.0 -I/usr/include/libmount -I/usr/include/blkid -I/usr/include/fribidi -I/usr/include/cairo -I/usr/include/pixman-1 -I/usr/include/harfbuzz -I/usr/include/uuid -I/usr/include/freetype2 -I/usr/include/libpng16 -I/usr/include/glib-2.0 -I/usr/lib/x86_64-linux-gnu/glib-2.0/include'
pkg_cv_GTK_LIBS='-lgthread-2.0 -pthread -lgtkglext-x11-1.0 -lgdkglext-x11-1.0 -lGLU -lGL -lXmu -lXt -lSM -lICE -lgdk-x11-2.0 -lgtk-x11-2.0 -lgdk-x11-2.0 -lpangocairo-1.0 -latk-1.0 -lcairo -lgdk_pixbuf-2.0 -lgio-2.0 -lpangoft2-1.0 -lpango-1.0 -lgobject-2.0 -lharfbuzz -lfontconfig -lfreetype -Wl,--export-dynamic -lgmodule-2.0 -pthread -lglib-2.0'
pkg_cv_LIBPNG_CFLAGS=-I/usr/include/libpng16
pkg_cv_LIBPNG_LIBS='-lpng16 -lz'

## ----------------- ##
## Output variables. ##
## ----------------- ##

ACLOCAL='${SHELL} '\''/home/uersu/opensludge/missing'\'' aclocal-1.16'
AMDEPBACKSLASH='\'
AMDEP_FALSE='#'
AMDEP_TRUE=''
AMTAR='$${TAR-tar}'
AM_BACKSLASH='\'
AM_DEFAULT_V='$(AM_DEFAULT_VERBOSITY)'
AM_DEFAULT_VERBOSITY='0'
AM_V='$(V)'
AUTOCONF='${SHELL} '\''/home/uersu/opensludge/missing'\'' autoconf'
AUTOHEADER='${SHELL} '\''/home/uersu/opensludge/missing'\'' autoheader'
AUTOMAKE='${SHELL} '\''/home/uersu/opensludge/missing'\'' automake-1.16'
AWK='gawk'
CC='gcc'
CCDEPMODE='depmode=gcc3'
CFLAGS='-g -O2'
COND_DEVKIT_FALSE='#'
COND_DEVKIT_TRUE=''
COND_DOC_FALSE=''
COND_DOC_TRUE='#'
COND_ENGINE_FALSE=''
COND_ENGINE_TRUE='#'
COND_GLES2_FALSE=''
COND_GLES2_TRUE='#'
COND_ODROID_FALSE=''
COND_ODROID_TRUE='#'
COND_PANDORA_FALSE=''
COND_PANDORA_TRUE='#'
COND_RPI_FALSE=''
COND_RPI_TRUE='#'
COND_WIN32_FALSE=''
COND_WIN32_TRUE='#'
CPPFLAGS=''
CSCOPE='cscope'
CTAGS='ctags'
CXX='g++'
CXXDEPMODE='depmode=gcc3'
CXXFLAGS='-g -O2'
CYGPATH_W='echo'
DEFS='-DHAVE_CONFIG_H'
DEPDIR='.deps'
ECHO_C=''
ECHO_N='-n'
ECHO_T=''
ENGINE_CFLAGS=''
ENGINE_LIBS=''
ETAGS='etags'
EXEEXT=''
GLEW_CFLAGS=''
GLEW_LIBS='-L/usr/lib64 -lGLEW -lGL -lX11 -lGLU'
GLIB_CFLAGS='-I/usr/include/glib-2.0 -I/usr/lib/x86_64-linux-gnu/glib-2.0/include'
GLIB_LIBS='-lglib-2.0'
GL_CFLAGS=''
GL_LIBS=''
GTK_CFLAGS='-pthread -I/usr/include/gtkglext-1.0 -I/usr/lib/x86_64-linux-gnu/gtkglext-1.0/include -I/usr/include/gtk-2.0 -I/usr/lib/x86_64-linux-gnu/gtk-2.0/include -I/usr/include/gtk-2.0 -I/usr/lib/x86_64-linux-gnu/gtk-2.0/include -I/usr/include/pango-1.0 -I/usr/include/atk-1.0 -I/usr/include/gdk-pixbuf-2.0 -I/usr/include/x86_64-linux-gnu -I/usr/include/pango-1.0 -I/usr/include/harfbuzz -I/usr/include/pango-1.0 -I/usr/include/libmount -I/usr/include/blkid -I/usr/include/fribidi -I/usr/include/cairo -I/usr/include/pixman-1 -I/usr/include/harfbuzz -I/usr/include/uuid -I/usr/include/freetype2 -I/usr/include/libpng16 -I/usr/include/glib-2.0 -I/usr/lib/x86_64-linux-gnu/glib-2.0/include'
GTK_LIBS='-lgthread-2.0 -pthread -lgtkglext-x11-1.0 -lgdkglext-x11-1.0 -lGLU -lGL -lXmu -lXt -lSM -lICE -lgdk-x11-2.0 -lgtk-x11-2.0 -lgdk-x11-2.0 -lpangocairo-1.0 -latk-1.0 -lcairo -lgdk_pixbuf-2.0 -lgio-2.0 -lpangoft2-1.0 -lpango-1.0 -lgobject-2.0 -lharfbuzz -lfontconfig -lfreetype -Wl,--export-dynamic -lgmodule-2.0 -pthread -lglib-2.0'
INSTALL_DATA='${INSTALL} -m 644'
INSTALL_PROGRAM='${INSTALL}'
INSTALL_SCRIPT='${INSTALL}'
INSTALL_STRIP_PROGRAM='$(install_sh) -c -s'
LDFLAGS=''
LIBOBJS=''
LIBPNG_CFLAGS='-I/usr/include/libpng16'
LIBPNG_LIBS='-lpng16 -lz'
LIBS=''
LTLIBOBJS=''
MAKEINFO='${SHELL} '\''/home/uersu/opensludge/missing'\'' makeinfo'
MKDIR_P='/usr/bin/mkdir -p'
OBJEXT='o'
PACKAGE='sludge'
PACKAGE_BUGREPORT='tobias.han@gmx.de'
PACKAGE_NAME='SLUDGE'
PACKAGE_STRING='SLUDGE 2.2.2'
PACKAGE_TARNAME='sludge'
PACKAGE_URL='http://opensludge.github.io/'
PACKAGE_VERSION='2.2.2'
PATH_SEPARATOR=':'
PKG_CONFIG='/usr/bin/pkg-config'
PKG_CONFIG_LIBDIR=''
PKG_CONFIG_PATH=''
SET_MAKE=''
SHELL='/bin/bash'
STRIP=''
VERSION='2.2.2'
ac_ct_CC='gcc'
ac_ct_CXX='g++'
am__EXEEXT_FALSE=''
am__EXEEXT_TRUE='#'
am__fastdepCC_FALSE='#'
am__fastdepCC_TRUE=''
am__fastdepCXX_FALSE='#'
am__fastdepCXX_TRUE=''
am__include='include'
am__isrc=''
am__leading_dot='.'
am__nodep='_no'
am__quote=''
am__tar='$${TAR-tar} chof - "$$tardir"'
am__untar='$${TAR-tar} xf -'
bindir='${exec_prefix}/bin'
build='x86_64-pc-linux-gnu'
build_alias=''
build_cpu='x86_64'
build_os='linux-gnu'
build_vendor='pc'
datadir='${datarootdir}'
datarootdir='${prefix}/share'
docdir='${datarootdir}/doc/${PACKAGE_TARNAME}'
dvidir='${docdir}'
exec_prefix='${prefix}'
host='x86_64-pc-linux-gnu'
host_alias=''
host_cpu='x86_64'
host_os='linux-gnu'
host_vendor='pc'
htmldir='${docdir}'
includedir='${prefix}/include'
infodir='${datarootdir}/info'
install_sh='${SHELL} /home/uersu/opensludge/install-sh'
libdir='${exec_prefix}/lib'
libexecdir='${exec_prefix}/libexec'
localedir='${datarootdir}/locale'
localstatedir='${prefix}/var'
mandir='${datarootdir}/man'
mkdir_p='$(MKDIR_P)'
oldincludedir='/usr/include'
pdfdir='${docdir}'
prefix='/usr/local'
program_transform_name='s,x,x,'
psdir='${docdir}'
runstatedir='${localstatedir}/run'
sbindir='${exec_prefix}/sbin'
sharedstatedir='${prefix}/com'
sysconfdir='${prefix}/etc'
target_alias=''

## ----------- ##
## confdefs.h. ##
## ----------- ##

/* confdefs.h */
#define PACKAGE_NAME "SLUDGE"
#define PACKAGE_TARNAME "sludge"
#define PACKAGE_VERSION "2.2.2"
#define PACKAGE_STRING "SLUDGE 2.2.2"
#define PACKAGE_BUGREPORT "tobias.han@gmx.de"
#define PACKAGE_URL "http://opensludge.github.io/"
#define PACKAGE "sludge"
#define VERSION "2.2.2"
#define HAVE_STDIO_H 1
#define HAVE_STDLIB_H 1
#define HAVE_STRING_H 1
#define HAVE_INTTYPES_H 1
#define HAVE_STDINT_H 1
#define HAVE_STRINGS_H 1
#define HAVE_SYS_STAT_H 1
#define HAVE_SYS_TYPES_H 1
#define HAVE_UNISTD_H 1
#define STDC_HEADERS 1
#define HAVE_LIMITS_H 1
#define HAVE_MALLOC_H 1
#define HAVE_STDDEF_H 1
#define HAVE_STDINT_H 1
#define HAVE_STDLIB_H 1
#define HAVE_STRING_H 1
#define HAVE_SYS_TIME_H 1
#define HAVE_UNISTD_H 1
#define HAVE_GETOPT_H 1
#define HAVE__BOOL 1
#define HAVE_STDBOOL_H 1
#define HAVE_PTRDIFF_T 1
#define HAVE_MALLOC 1
#define HAVE_REALLOC 1
#define HAVE_ATEXIT 1
#define HAVE_GETCWD 1
#define HAVE_MEMSET 1
#define HAVE_MKDIR 1
#define HAVE_RMDIR 1
#define HAVE_STRSTR 1
#define HAVE_STRTOL 1

configure: exit 0
